Build started 10/14/2011 6:08:03 PM.
     1>Project "C:\Users\Jason\Documents\projects\steel_tank\map_editor\map_editor.vcxproj" on node 2 (rebuild target(s)).
     1>_PrepareForClean:
         Deleting file "Debug\map_editor.lastbuildstate".
       InitializeBuildStatus:
         Creating "Debug\map_editor.unsuccessfulbuild" because "AlwaysCreate" was specified.
       ClCompile:
         c:\Program Files (x86)\Microsoft Visual Studio 10.0\VC\bin\CL.exe /c /ZI /nologo /W3 /WX- /Od /Oy- /D WIN32 /D _DEBUG /D _WINDOWS /D _UNICODE /D UNICODE /Gm /EHsc /RTC1 /MTd /GS /fp:precise /Zc:wchar_t /Zc:forScope /Yc"StdAfx.h" /Fp"Debug\map_editor.pch" /Fo"Debug\\" /Fd"Debug\vc100.pdb" /Gd /TP /analyze- /errorReport:prompt stdafx.cpp
         stdafx.cpp
         c:\Program Files (x86)\Microsoft Visual Studio 10.0\VC\bin\CL.exe /c /ZI /nologo /W3 /WX- /Od /Oy- /D WIN32 /D _DEBUG /D _WINDOWS /D _UNICODE /D UNICODE /Gm /EHsc /RTC1 /MTd /GS /fp:precise /Zc:wchar_t /Zc:forScope /Fo"Debug\\" /Fd"Debug\vc100.pdb" /Gd /TC /analyze- /errorReport:prompt ..\..\..\..\..\..\devExt\sqlite3070701\sqlite3.c
         sqlite3.c
         c:\Program Files (x86)\Microsoft Visual Studio 10.0\VC\bin\CL.exe /c /ZI /nologo /W3 /WX- /Od /Oy- /D WIN32 /D _DEBUG /D _WINDOWS /D _UNICODE /D UNICODE /Gm /EHsc /RTC1 /MTd /GS /fp:precise /Zc:wchar_t /Zc:forScope /Yu"StdAfx.h" /Fp"Debug\map_editor.pch" /Fo"Debug\\" /Fd"Debug\vc100.pdb" /Gd /TP /analyze- /errorReport:prompt camera.cpp creature.cpp engine.cpp game_data.cpp input_control.cpp joystick.cpp map_editor.cpp window_messages.cpp
         window_messages.cpp
         map_editor.cpp
         joystick.cpp
         input_control.cpp
         game_data.cpp
         engine.cpp
         creature.cpp
         camera.cpp
         Generating Code...
       ResourceCompile:
         C:\Program Files (x86)\Microsoft SDKs\Windows\v7.0A\bin\rc.exe /D _UNICODE /D UNICODE /l"0x0409" /nologo /fo"Debug\map_editor.res" map_editor.rc 
       ManifestResourceCompile:
         C:\Program Files (x86)\Microsoft SDKs\Windows\v7.0A\bin\rc.exe /nologo /fo"Debug\map_editor.exe.embed.manifest.res" Debug\map_editor_manifest.rc 
       Link:
         c:\Program Files (x86)\Microsoft Visual Studio 10.0\VC\bin\link.exe /ERRORREPORT:PROMPT /OUT:"C:\Users\Jason\Documents\projects\steel_tank\steel_tank\Debug\map_editor.exe" /INCREMENTAL /NOLOGO dinput8.lib dxguid.lib comctl32.lib Irrlicht.lib kernel32.lib user32.lib gdi32.lib winspool.lib comdlg32.lib advapi32.lib shell32.lib ole32.lib oleaut32.lib uuid.lib odbc32.lib odbccp32.lib kernel32.lib user32.lib gdi32.lib winspool.lib comdlg32.lib advapi32.lib shell32.lib ole32.lib oleaut32.lib uuid.lib odbc32.lib odbccp32.lib /MANIFEST /ManifestFile:"Debug\map_editor.exe.intermediate.manifest" /MANIFESTUAC:"level='asInvoker' uiAccess='false'" /DEBUG /PDB:"C:\Users\Jason\Documents\projects\steel_tank\steel_tank\Debug\map_editor.pdb" /SUBSYSTEM:WINDOWS /TLBID:1 /DYNAMICBASE /NXCOMPAT /IMPLIB:"C:\Users\Jason\Documents\projects\steel_tank\steel_tank\Debug\map_editor.lib" /MACHINE:X86 Debug\map_editor.res
         Debug\map_editor.exe.embed.manifest.res
         Debug\sqlite3.obj
         Debug\camera.obj
         Debug\creature.obj
         Debug\engine.obj
         Debug\game_data.obj
         Debug\input_control.obj
         Debug\joystick.obj
         Debug\map_editor.obj
         Debug\stdafx.obj
         Debug\window_messages.obj
       Manifest:
         Deleting file "Debug\map_editor.exe.embed.manifest".
         C:\Program Files (x86)\Microsoft SDKs\Windows\v7.0A\bin\mt.exe /nologo /verbose /out:"Debug\map_editor.exe.embed.manifest" /manifest Debug\map_editor.exe.intermediate.manifest
         C:\Program Files (x86)\Microsoft SDKs\Windows\v7.0A\bin\rc.exe /nologo /fo"Debug\map_editor.exe.embed.manifest.res" Debug\map_editor_manifest.rc 
       LinkEmbedManifest:
         c:\Program Files (x86)\Microsoft Visual Studio 10.0\VC\bin\link.exe /ERRORREPORT:PROMPT /OUT:"C:\Users\Jason\Documents\projects\steel_tank\steel_tank\Debug\map_editor.exe" /INCREMENTAL /NOLOGO dinput8.lib dxguid.lib comctl32.lib Irrlicht.lib kernel32.lib user32.lib gdi32.lib winspool.lib comdlg32.lib advapi32.lib shell32.lib ole32.lib oleaut32.lib uuid.lib odbc32.lib odbccp32.lib kernel32.lib user32.lib gdi32.lib winspool.lib comdlg32.lib advapi32.lib shell32.lib ole32.lib oleaut32.lib uuid.lib odbc32.lib odbccp32.lib /MANIFEST /ManifestFile:"Debug\map_editor.exe.intermediate.manifest" /MANIFESTUAC:"level='asInvoker' uiAccess='false'" /DEBUG /PDB:"C:\Users\Jason\Documents\projects\steel_tank\steel_tank\Debug\map_editor.pdb" /SUBSYSTEM:WINDOWS /TLBID:1 /DYNAMICBASE /NXCOMPAT /IMPLIB:"C:\Users\Jason\Documents\projects\steel_tank\steel_tank\Debug\map_editor.lib" /MACHINE:X86 Debug\map_editor.res
         Debug\map_editor.exe.embed.manifest.res
         Debug\sqlite3.obj
         Debug\camera.obj
         Debug\creature.obj
         Debug\engine.obj
         Debug\game_data.obj
         Debug\input_control.obj
         Debug\joystick.obj
         Debug\map_editor.obj
         Debug\stdafx.obj
         Debug\window_messages.obj
         map_editor.vcxproj -> C:\Users\Jason\Documents\projects\steel_tank\steel_tank\Debug\map_editor.exe
       FinalizeBuildStatus:
         Deleting file "Debug\map_editor.unsuccessfulbuild".
         Touching "Debug\map_editor.lastbuildstate".
     1>Done Building Project "C:\Users\Jason\Documents\projects\steel_tank\map_editor\map_editor.vcxproj" (rebuild target(s)).

Build succeeded.

Time Elapsed 00:00:21.93
