C:\USERS\JASON\DOCUMENTS\PROJECTS\STEEL_TANK\STEEL_TANK\DEBUG\CAMERA.OBJ
C:\USERS\JASON\DOCUMENTS\PROJECTS\STEEL_TANK\STEEL_TANK\DEBUG\CAMERA_SET.OBJ
C:\Users\Jason\Documents\projects\steel_tank\steel_tank\Debug\cl.command.1.tlog
C:\Users\Jason\Documents\projects\steel_tank\steel_tank\Debug\CL.read.1.tlog
C:\Users\Jason\Documents\projects\steel_tank\steel_tank\Debug\CL.write.1.tlog
C:\USERS\JASON\DOCUMENTS\PROJECTS\STEEL_TANK\STEEL_TANK\DEBUG\CREATURE.OBJ
C:\USERS\JASON\DOCUMENTS\PROJECTS\STEEL_TANK\STEEL_TANK\DEBUG\ENGINE.OBJ
C:\USERS\JASON\DOCUMENTS\PROJECTS\STEEL_TANK\STEEL_TANK\DEBUG\GAME_DATA.OBJ
C:\USERS\JASON\DOCUMENTS\PROJECTS\STEEL_TANK\STEEL_TANK\DEBUG\GAME_SEQUENCE.OBJ
C:\USERS\JASON\DOCUMENTS\PROJECTS\STEEL_TANK\STEEL_TANK\DEBUG\INPUT_CONTROL.OBJ
C:\USERS\JASON\DOCUMENTS\PROJECTS\STEEL_TANK\STEEL_TANK\DEBUG\JOYSTICK.OBJ
C:\Users\Jason\Documents\projects\steel_tank\steel_tank\Debug\link.4856.read.1.tlog
C:\Users\Jason\Documents\projects\steel_tank\steel_tank\Debug\link.4856.write.1.tlog
C:\Users\Jason\Documents\projects\steel_tank\steel_tank\Debug\link.4856-cvtres.read.1.tlog
C:\Users\Jason\Documents\projects\steel_tank\steel_tank\Debug\link.4856-cvtres.write.1.tlog
C:\Users\Jason\Documents\projects\steel_tank\steel_tank\Debug\link.command.1.tlog
C:\Users\Jason\Documents\projects\steel_tank\steel_tank\Debug\link.read.1.tlog
C:\Users\Jason\Documents\projects\steel_tank\steel_tank\Debug\link.write.1.tlog
C:\Users\Jason\Documents\projects\steel_tank\steel_tank\Debug\link-cvtres.read.1.tlog
C:\Users\Jason\Documents\projects\steel_tank\steel_tank\Debug\link-cvtres.write.1.tlog
C:\Users\Jason\Documents\projects\steel_tank\steel_tank\Debug\mt.command.1.tlog
C:\Users\Jason\Documents\projects\steel_tank\steel_tank\Debug\mt.read.1.tlog
C:\Users\Jason\Documents\projects\steel_tank\steel_tank\Debug\mt.write.1.tlog
C:\Users\Jason\Documents\projects\steel_tank\steel_tank\Debug\rc.command.1.tlog
C:\Users\Jason\Documents\projects\steel_tank\steel_tank\Debug\rc.read.1.tlog
C:\Users\Jason\Documents\projects\steel_tank\steel_tank\Debug\rc.write.1.tlog
C:\USERS\JASON\DOCUMENTS\PROJECTS\STEEL_TANK\STEEL_TANK\DEBUG\SOUND.OBJ
C:\USERS\JASON\DOCUMENTS\PROJECTS\STEEL_TANK\STEEL_TANK\DEBUG\SQLITE3.OBJ
C:\USERS\JASON\DOCUMENTS\PROJECTS\STEEL_TANK\STEEL_TANK\DEBUG\STDAFX.OBJ
C:\USERS\JASON\DOCUMENTS\PROJECTS\STEEL_TANK\STEEL_TANK\DEBUG\STEEL_TANK.EXE
C:\USERS\JASON\DOCUMENTS\PROJECTS\STEEL_TANK\STEEL_TANK\DEBUG\STEEL_TANK.EXE.EMBED.MANIFEST
C:\USERS\JASON\DOCUMENTS\PROJECTS\STEEL_TANK\STEEL_TANK\DEBUG\STEEL_TANK.EXE.EMBED.MANIFEST.RES
C:\USERS\JASON\DOCUMENTS\PROJECTS\STEEL_TANK\STEEL_TANK\DEBUG\STEEL_TANK.EXE.INTERMEDIATE.MANIFEST
C:\USERS\JASON\DOCUMENTS\PROJECTS\STEEL_TANK\STEEL_TANK\DEBUG\STEEL_TANK.ILK
C:\USERS\JASON\DOCUMENTS\PROJECTS\STEEL_TANK\STEEL_TANK\DEBUG\STEEL_TANK.OBJ
C:\USERS\JASON\DOCUMENTS\PROJECTS\STEEL_TANK\STEEL_TANK\DEBUG\STEEL_TANK.PCH
C:\USERS\JASON\DOCUMENTS\PROJECTS\STEEL_TANK\STEEL_TANK\DEBUG\STEEL_TANK.PDB
C:\USERS\JASON\DOCUMENTS\PROJECTS\STEEL_TANK\STEEL_TANK\DEBUG\STEEL_TANK.RES
C:\Users\Jason\Documents\projects\steel_tank\steel_tank\Debug\steel_tank_manifest.rc
C:\Users\Jason\Documents\projects\steel_tank\steel_tank\Debug\vc100.idb
C:\USERS\JASON\DOCUMENTS\PROJECTS\STEEL_TANK\STEEL_TANK\DEBUG\VC100.PDB
C:\USERS\JASON\DOCUMENTS\PROJECTS\STEEL_TANK\STEEL_TANK\DEBUG\WINDOW_MESSAGES.OBJ
C:\USERS\JASON\DOCUMENTS\PROJECTS\STEEL_TANK\STEEL_TANK\DEBUG\WORLD_MAP.OBJ
