Build started 10/15/2011 3:46:45 PM.
     1>Project "C:\Users\Jason\Documents\projects\steel_tank\steel_tank\steel_tank.vcxproj" on node 2 (build target(s)).
     1>InitializeBuildStatus:
         Creating "Debug\steel_tank.unsuccessfulbuild" because "AlwaysCreate" was specified.
       ClCompile:
         All outputs are up-to-date.
         All outputs are up-to-date.
         c:\Program Files (x86)\Microsoft Visual Studio 10.0\VC\bin\CL.exe /c /ZI /nologo /W3 /WX- /Od /Oy- /D WIN32 /D _DEBUG /D _WINDOWS /D _UNICODE /D UNICODE /Gm /EHsc /RTC1 /MDd /GS /fp:precise /Zc:wchar_t /Zc:forScope /Yu"StdAfx.h" /Fp"Debug\steel_tank.pch" /Fo"Debug\\" /Fd"Debug\vc100.pdb" /Gd /TP /analyze- /errorReport:prompt camera.cpp camera_set.cpp creature.cpp engine.cpp game_data.cpp game_sequence.cpp input_control.cpp steel_tank.cpp window_messages.cpp world_map.cpp
         window_messages.cpp
         engine.cpp
         creature.cpp
         Generating Code...
         Compiling...
         game_sequence.cpp
         Generating Code...
         Skipping... (no relevant changes detected)
         world_map.cpp
         steel_tank.cpp
         input_control.cpp
         game_data.cpp
         camera_set.cpp
         camera.cpp
       ResourceCompile:
         C:\Program Files (x86)\Microsoft SDKs\Windows\v7.0A\bin\rc.exe /D _UNICODE /D UNICODE /l"0x0409" /nologo /fo"Debug\steel_tank.res" steel_tank.rc 
       ManifestResourceCompile:
         All outputs are up-to-date.
       Link:
         c:\Program Files (x86)\Microsoft Visual Studio 10.0\VC\bin\link.exe /ERRORREPORT:PROMPT /OUT:"C:\Users\Jason\Documents\projects\steel_tank\steel_tank\Debug\steel_tank.exe" /INCREMENTAL /NOLOGO bass.lib dinput8.lib dxguid.lib comctl32.lib Irrlicht.lib kernel32.lib user32.lib gdi32.lib winspool.lib comdlg32.lib advapi32.lib shell32.lib ole32.lib oleaut32.lib uuid.lib odbc32.lib odbccp32.lib /MANIFEST /ManifestFile:"Debug\steel_tank.exe.intermediate.manifest" /MANIFESTUAC:"level='asInvoker' uiAccess='false'" /DEBUG /PDB:"C:\Users\Jason\Documents\projects\steel_tank\steel_tank\Debug\steel_tank.pdb" /SUBSYSTEM:WINDOWS /TLBID:1 /DYNAMICBASE /NXCOMPAT /IMPLIB:"C:\Users\Jason\Documents\projects\steel_tank\steel_tank\Debug\steel_tank.lib" /MACHINE:X86 Debug\steel_tank.res
         Debug\steel_tank.exe.embed.manifest.res
         Debug\sqlite3.obj
         Debug\camera.obj
         Debug\camera_set.obj
         Debug\creature.obj
         Debug\engine.obj
         Debug\game_data.obj
         Debug\game_sequence.obj
         Debug\input_control.obj
         Debug\joystick.obj
         Debug\sound.obj
         Debug\stdafx.obj
         Debug\steel_tank.obj
         Debug\window_messages.obj
         Debug\world_map.obj
       Manifest:
         C:\Program Files (x86)\Microsoft SDKs\Windows\v7.0A\bin\mt.exe /nologo /verbose /out:"Debug\steel_tank.exe.embed.manifest" /manifest Debug\steel_tank.exe.intermediate.manifest
         All outputs are up-to-date.
       LinkEmbedManifest:
         All outputs are up-to-date.
         steel_tank.vcxproj -> C:\Users\Jason\Documents\projects\steel_tank\steel_tank\Debug\steel_tank.exe
       FinalizeBuildStatus:
         Deleting file "Debug\steel_tank.unsuccessfulbuild".
         Touching "Debug\steel_tank.lastbuildstate".
     1>Done Building Project "C:\Users\Jason\Documents\projects\steel_tank\steel_tank\steel_tank.vcxproj" (build target(s)).

Build succeeded.

Time Elapsed 00:00:06.63
