C:\USERS\JASON\DOCUMENTS\PROJECTS\STEEL_TANK\MAP_EDITOR\DEBUG\CAMERA.OBJ
C:\Users\Jason\Documents\projects\steel_tank\map_editor\Debug\cl.command.1.tlog
C:\Users\Jason\Documents\projects\steel_tank\map_editor\Debug\CL.read.1.tlog
C:\Users\Jason\Documents\projects\steel_tank\map_editor\Debug\CL.write.1.tlog
C:\USERS\JASON\DOCUMENTS\PROJECTS\STEEL_TANK\MAP_EDITOR\DEBUG\CREATURE.OBJ
C:\USERS\JASON\DOCUMENTS\PROJECTS\STEEL_TANK\MAP_EDITOR\DEBUG\ENGINE.OBJ
C:\USERS\JASON\DOCUMENTS\PROJECTS\STEEL_TANK\MAP_EDITOR\DEBUG\GAME_DATA.OBJ
C:\USERS\JASON\DOCUMENTS\PROJECTS\STEEL_TANK\MAP_EDITOR\DEBUG\INPUT_CONTROL.OBJ
C:\USERS\JASON\DOCUMENTS\PROJECTS\STEEL_TANK\MAP_EDITOR\DEBUG\JOYSTICK.OBJ
C:\Users\Jason\Documents\projects\steel_tank\map_editor\Debug\link.command.1.tlog
C:\Users\Jason\Documents\projects\steel_tank\map_editor\Debug\link.read.1.tlog
C:\Users\Jason\Documents\projects\steel_tank\map_editor\Debug\link.write.1.tlog
C:\Users\Jason\Documents\projects\steel_tank\map_editor\Debug\link-cvtres.read.1.tlog
C:\Users\Jason\Documents\projects\steel_tank\map_editor\Debug\link-cvtres.write.1.tlog
C:\Users\Jason\Documents\projects\steel_tank\map_editor\Debug\map_editor.exe.embed.manifest
C:\USERS\JASON\DOCUMENTS\PROJECTS\STEEL_TANK\MAP_EDITOR\DEBUG\MAP_EDITOR.EXE.EMBED.MANIFEST.RES
C:\Users\Jason\Documents\projects\steel_tank\map_editor\Debug\map_editor.exe.intermediate.manifest
C:\USERS\JASON\DOCUMENTS\PROJECTS\STEEL_TANK\MAP_EDITOR\DEBUG\MAP_EDITOR.OBJ
C:\USERS\JASON\DOCUMENTS\PROJECTS\STEEL_TANK\MAP_EDITOR\DEBUG\MAP_EDITOR.PCH
C:\USERS\JASON\DOCUMENTS\PROJECTS\STEEL_TANK\MAP_EDITOR\DEBUG\MAP_EDITOR.RES
C:\Users\Jason\Documents\projects\steel_tank\map_editor\Debug\map_editor_manifest.rc
C:\Users\Jason\Documents\projects\steel_tank\map_editor\Debug\rc.command.1.tlog
C:\Users\Jason\Documents\projects\steel_tank\map_editor\Debug\rc.read.1.tlog
C:\Users\Jason\Documents\projects\steel_tank\map_editor\Debug\rc.write.1.tlog
C:\USERS\JASON\DOCUMENTS\PROJECTS\STEEL_TANK\MAP_EDITOR\DEBUG\STDAFX.OBJ
C:\Users\Jason\Documents\projects\steel_tank\map_editor\Debug\vc100.idb
C:\USERS\JASON\DOCUMENTS\PROJECTS\STEEL_TANK\MAP_EDITOR\DEBUG\VC100.PDB
C:\USERS\JASON\DOCUMENTS\PROJECTS\STEEL_TANK\MAP_EDITOR\DEBUG\WINDOW_MESSAGES.OBJ
C:\Users\Jason\Documents\projects\steel_tank\steel_tank\Debug\map_editor.pdb
