C:\USERS\JASON\DOCUMENTS\PROJECTS\STEEL_TANK\STEEL_TANK\RELEASE\CAMERA.OBJ
C:\USERS\JASON\DOCUMENTS\PROJECTS\STEEL_TANK\STEEL_TANK\RELEASE\CAMERA_SET.OBJ
C:\Users\Jason\Documents\projects\steel_tank\steel_tank\Release\cl.command.1.tlog
C:\Users\Jason\Documents\projects\steel_tank\steel_tank\Release\CL.read.1.tlog
C:\Users\Jason\Documents\projects\steel_tank\steel_tank\Release\CL.write.1.tlog
C:\USERS\JASON\DOCUMENTS\PROJECTS\STEEL_TANK\STEEL_TANK\RELEASE\CREATURE.OBJ
C:\USERS\JASON\DOCUMENTS\PROJECTS\STEEL_TANK\STEEL_TANK\RELEASE\ENGINE.OBJ
C:\USERS\JASON\DOCUMENTS\PROJECTS\STEEL_TANK\STEEL_TANK\RELEASE\GAME_DATA.OBJ
C:\USERS\JASON\DOCUMENTS\PROJECTS\STEEL_TANK\STEEL_TANK\RELEASE\GAME_SEQUENCE.OBJ
C:\USERS\JASON\DOCUMENTS\PROJECTS\STEEL_TANK\STEEL_TANK\RELEASE\INPUT_CONTROL.OBJ
C:\USERS\JASON\DOCUMENTS\PROJECTS\STEEL_TANK\STEEL_TANK\RELEASE\JOYSTICK.OBJ
C:\Users\Jason\Documents\projects\steel_tank\steel_tank\Release\link.command.1.tlog
C:\Users\Jason\Documents\projects\steel_tank\steel_tank\Release\link.read.1.tlog
C:\Users\Jason\Documents\projects\steel_tank\steel_tank\Release\link.write.1.tlog
C:\Users\Jason\Documents\projects\steel_tank\steel_tank\Release\link-cvtres.read.1.tlog
C:\Users\Jason\Documents\projects\steel_tank\steel_tank\Release\link-cvtres.write.1.tlog
C:\Users\Jason\Documents\projects\steel_tank\steel_tank\Release\mt.command.1.tlog
C:\Users\Jason\Documents\projects\steel_tank\steel_tank\Release\mt.read.1.tlog
C:\Users\Jason\Documents\projects\steel_tank\steel_tank\Release\mt.write.1.tlog
C:\Users\Jason\Documents\projects\steel_tank\steel_tank\Release\rc.command.1.tlog
C:\Users\Jason\Documents\projects\steel_tank\steel_tank\Release\rc.read.1.tlog
C:\Users\Jason\Documents\projects\steel_tank\steel_tank\Release\rc.write.1.tlog
C:\USERS\JASON\DOCUMENTS\PROJECTS\STEEL_TANK\STEEL_TANK\RELEASE\SOUND.OBJ
C:\USERS\JASON\DOCUMENTS\PROJECTS\STEEL_TANK\STEEL_TANK\RELEASE\SQLITE3.OBJ
C:\USERS\JASON\DOCUMENTS\PROJECTS\STEEL_TANK\STEEL_TANK\RELEASE\STDAFX.OBJ
C:\USERS\JASON\DOCUMENTS\PROJECTS\STEEL_TANK\STEEL_TANK\RELEASE\STEEL_TANK.EXE
C:\USERS\JASON\DOCUMENTS\PROJECTS\STEEL_TANK\STEEL_TANK\RELEASE\STEEL_TANK.EXE.INTERMEDIATE.MANIFEST
C:\USERS\JASON\DOCUMENTS\PROJECTS\STEEL_TANK\STEEL_TANK\RELEASE\STEEL_TANK.OBJ
C:\USERS\JASON\DOCUMENTS\PROJECTS\STEEL_TANK\STEEL_TANK\RELEASE\STEEL_TANK.PCH
C:\USERS\JASON\DOCUMENTS\PROJECTS\STEEL_TANK\STEEL_TANK\RELEASE\STEEL_TANK.PDB
C:\USERS\JASON\DOCUMENTS\PROJECTS\STEEL_TANK\STEEL_TANK\RELEASE\STEEL_TANK.RES
C:\USERS\JASON\DOCUMENTS\PROJECTS\STEEL_TANK\STEEL_TANK\RELEASE\VC100.PDB
C:\USERS\JASON\DOCUMENTS\PROJECTS\STEEL_TANK\STEEL_TANK\RELEASE\WINDOW_MESSAGES.OBJ
C:\USERS\JASON\DOCUMENTS\PROJECTS\STEEL_TANK\STEEL_TANK\RELEASE\WORLD_MAP.OBJ
